ERROR 2024-09-21T10:23:46.775+00:00 ThreadId(18) [1P:op-settings/src/store/json_store.rs:183] Os { code: 2, kind: NotFound, message: "No such file or directory" }
INFO  2024-09-21T10:23:46.776+00:00 ThreadId(18) [1P:op-settings/src/store/json_store.rs:204] Settings file "/home/<redacted-username>/.config/1Password/settings/settings.json" missing, using defaults.
INFO  2024-09-21T10:23:46.782+00:00 ThreadId(18) [client:typescript] Client starting.
ERROR 2024-09-21T10:23:47.371+00:00 ThreadId(18) [1P:op-crash-reporting/src/crash_report.rs:126] Failed to load crash reports from disk: Os { code: 2, kind: NotFound, message: "No such file or directory" }
INFO  2024-09-21T10:23:47.383+00:00 ThreadId(18) [1P:op-crash-reporting/src/crash_handler.rs:276] Started crash handler thread
INFO  2024-09-21T10:23:47.384+00:00 ThreadId(18) [1P:op-localization/src/lib.rs:232] system locale detected as 'en-US'
INFO  2024-09-21T10:23:47.384+00:00 ThreadId(18) [1P:op-localization/src/lib.rs:258] selected translations for EN_US based on detected locale en-US
INFO  2024-09-21T10:23:47.384+00:00 ThreadId(18) [status:app/op-app/src/app.rs:622] App::new(1Password for Linux/81044034 (EN_US), /home/<redacted-username>/.config/1Password)
INFO  2024-09-21T10:23:47.391+00:00 ThreadId(18) [1P:data/op-db/src/common/mod.rs:120] Core DB Table Integrity Check Succeeded
INFO  2024-09-21T10:23:47.391+00:00 ThreadId(18) [1P:data/op-db/src/common/mod.rs:134] Core DB Integrity Check Succeeded
INFO  2024-09-21T10:23:47.391+00:00 ThreadId(18) [1P:data/op-db/src/core_db/db.rs:169] Starting Core DB at version: 0
INFO  2024-09-21T10:23:47.393+00:00 ThreadId(18) [1P:data/op-db/src/core_db/db.rs:194] Database is being created at '/home/<redacted-username>/.config/1Password/1password.sqlite' (sqlite: 3045000)
INFO  2024-09-21T10:23:47.396+00:00 ThreadId(18) [1P:data/op-db/src/core_db/db.rs:540] Updated DB Schema to version 001
INFO  2024-09-21T10:23:47.397+00:00 ThreadId(18) [1P:data/op-db/src/core_db/db.rs:562] Updated DB Schema to version 002
INFO  2024-09-21T10:23:47.399+00:00 ThreadId(18) [1P:data/op-db/src/core_db/db.rs:574] Updated DB Schema to version 003
INFO  2024-09-21T10:23:47.400+00:00 ThreadId(18) [1P:data/op-db/src/core_db/db.rs:590] Updated DB Schema to version 005
INFO  2024-09-21T10:23:47.401+00:00 ThreadId(18) [1P:data/op-db/src/core_db/db.rs:606] Updated DB Schema to version 006
INFO  2024-09-21T10:23:47.402+00:00 ThreadId(18) [1P:data/op-db/src/core_db/db.rs:620] Updated DB Schema to version 007
INFO  2024-09-21T10:23:47.403+00:00 ThreadId(18) [1P:data/op-db/src/core_db/db.rs:634] Updated DB Schema to version 008
INFO  2024-09-21T10:23:47.404+00:00 ThreadId(18) [1P:data/op-db/src/core_db/db.rs:648] Updated DB Schema to version 009
INFO  2024-09-21T10:23:47.405+00:00 ThreadId(18) [1P:data/op-db/src/core_db/db.rs:662] Updated DB Schema to version 011
INFO  2024-09-21T10:23:47.405+00:00 ThreadId(18) [1P:data/op-db/src/core_db/db.rs:677] Updated DB Schema to version 012
INFO  2024-09-21T10:23:47.407+00:00 ThreadId(18) [1P:data/op-db/src/core_db/db.rs:691] Updated DB Schema to version 013
INFO  2024-09-21T10:23:47.408+00:00 ThreadId(18) [1P:data/op-db/src/core_db/db.rs:705] Updated DB Schema to version 014
INFO  2024-09-21T10:23:47.409+00:00 ThreadId(18) [1P:data/op-db/src/core_db/db.rs:719] Updated DB Schema to version 015
INFO  2024-09-21T10:23:47.410+00:00 ThreadId(18) [1P:data/op-db/src/core_db/db.rs:733] Updated DB Schema to version 016
INFO  2024-09-21T10:23:47.411+00:00 ThreadId(18) [1P:data/op-db/src/core_db/db.rs:747] Updated DB Schema to version 017
INFO  2024-09-21T10:23:47.413+00:00 ThreadId(18) [1P:data/op-db/src/core_db/db.rs:761] Updated DB Schema to version 018
INFO  2024-09-21T10:23:47.414+00:00 ThreadId(18) [1P:data/op-db/src/core_db/db.rs:775] Updated DB Schema to version 019
INFO  2024-09-21T10:23:47.416+00:00 ThreadId(18) [1P:data/op-db/src/core_db/db.rs:890] Updated DB Schema to version 021
INFO  2024-09-21T10:23:47.417+00:00 ThreadId(18) [1P:data/op-db/src/core_db/db.rs:904] Updated DB Schema to version 022
INFO  2024-09-21T10:23:47.419+00:00 ThreadId(18) [1P:data/op-db/src/core_db/db.rs:918] Updated DB Schema to version 023
INFO  2024-09-21T10:23:47.420+00:00 ThreadId(18) [1P:data/op-db/src/core_db/db.rs:932] Updated DB Schema to version 024
INFO  2024-09-21T10:23:47.421+00:00 ThreadId(18) [1P:data/op-db/src/core_db/db.rs:946] Updated DB Schema to version 025
INFO  2024-09-21T10:23:47.422+00:00 ThreadId(18) [1P:data/op-db/src/core_db/db.rs:1060] Updated DB Schema to version 026
INFO  2024-09-21T10:23:47.423+00:00 ThreadId(18) [1P:data/op-db/src/core_db/db.rs:1074] Updated DB Schema to version 027
INFO  2024-09-21T10:23:47.424+00:00 ThreadId(18) [1P:data/op-db/src/core_db/db.rs:1088] Updated DB Schema to version 028
INFO  2024-09-21T10:23:47.425+00:00 ThreadId(18) [1P:data/op-db/src/core_db/db.rs:1102] Updated DB Schema to version 029
INFO  2024-09-21T10:23:47.426+00:00 ThreadId(18) [1P:data/op-db/src/core_db/db.rs:1116] Updated DB Schema to version 030
INFO  2024-09-21T10:23:47.427+00:00 ThreadId(18) [1P:data/op-db/src/core_db/db.rs:1129] Updated DB Schema to version 031
INFO  2024-09-21T10:23:47.428+00:00 ThreadId(18) [1P:data/op-db/src/core_db/db.rs:1142] Updated DB Schema to version 032
INFO  2024-09-21T10:23:47.430+00:00 ThreadId(18) [1P:data/op-db/src/core_db/db.rs:1155] Updated DB Schema to version 033
INFO  2024-09-21T10:23:47.431+00:00 ThreadId(18) [1P:data/op-db/src/core_db/db.rs:1168] Updated DB Schema to version 034
INFO  2024-09-21T10:23:47.432+00:00 ThreadId(18) [1P:data/op-db/src/common/mod.rs:120] Resources DB Table Integrity Check Succeeded
INFO  2024-09-21T10:23:47.432+00:00 ThreadId(18) [1P:data/op-db/src/common/mod.rs:134] Resources DB Integrity Check Succeeded
INFO  2024-09-21T10:23:47.432+00:00 ThreadId(18) [1P:data/op-db/src/resources_db/db.rs:134] Starting Resources DB at version: 0
INFO  2024-09-21T10:23:47.432+00:00 ThreadId(18) [1P:data/op-db/src/resources_db/db.rs:142] Resources Database is being created at '/home/<redacted-username>/.config/1Password/1password_resources.sqlite' (sqlite: 3045000)
INFO  2024-09-21T10:23:47.435+00:00 ThreadId(18) [1P:data/op-db/src/resources_db/db.rs:247] Updated DB Schema to version 001
ERROR 2024-09-21T10:23:47.442+00:00 ThreadId(18) [1P:/builds/dev/core/core/ssh/op-ssh-config/src/lib.rs:198] Failed to start ssh config file watcher: Io(Os { code: 2, kind: NotFound, message: "No such file or directory" })
INFO  2024-09-21T10:23:47.448+00:00 tokio-runtime-worker(ThreadId(11)) [1P:app/op-app/src/app/backend/lock.rs:340] MYCELIUM PRE-REGISTRATION FLAGS: Fetching pre-registration flags
INFO  2024-09-21T10:23:47.452+00:00 tokio-runtime-worker(ThreadId(5)) [1P:native-messaging/op-native-core-integration/src/lib.rs:289] Mute native core integration is waiting for Shared Lock State to be enabled
ERROR 2024-09-21T10:23:47.452+00:00 ThreadId(18) [1P:ffi/op-core-node/src/lib.rs:448] Io(Os { code: 2, kind: NotFound, message: "No such file or directory" })
INFO  2024-09-21T10:23:47.457+00:00 tokio-runtime-worker(ThreadId(13)) [1P:ssh/op-agent-controller/src/lib.rs:526] Starting filesystem watcher for SSH agent configuration directories...
ERROR 2024-09-21T10:23:47.459+00:00 tokio-runtime-worker(ThreadId(13)) [1P:/builds/dev/core/core/ssh/op-agent-controller/src/lib.rs:527] Io(Os { code: 2, kind: NotFound, message: "No such file or directory" })
INFO  2024-09-21T10:23:47.882+00:00 tokio-runtime-worker(ThreadId(7)) [1P:app/op-app/src/app/backend/lock.rs:347] MYCELIUM PRE-REGISTRATION FLAGS: Forward flag enabled false
INFO  2024-09-21T10:23:47.882+00:00 tokio-runtime-worker(ThreadId(7)) [1P:app/op-app/src/app/backend/lock.rs:356] MYCELIUM PRE-REGISTRATION FLAGS: Reverse flag enabled false
ERROR 2024-09-21T10:29:09.448+00:00 ThreadId(18) [1P:op-crash-reporting/src/crash_handler.rs:257] Failed to prepare for requesting dump
INFO  2024-09-21T10:29:09.449+00:00 tokio-runtime-worker(ThreadId(1)) [1P:app/op-app/src/app/backend/frontend.rs:57] Front end event: app will quit
WARN  2024-09-21T10:29:09.449+00:00 tokio-runtime-worker(ThreadId(1)) [1P:op-invocation/src/lib.rs:498] shutdown requested!
INFO  2024-09-21T10:29:09.449+00:00 tokio-runtime-worker(ThreadId(1)) [1P:app/op-app/src/app/shutdown.rs:81] starting app shutdown
INFO  2024-09-21T10:29:09.449+00:00 tokio-runtime-worker(ThreadId(1)) [1P:app/op-app/src/app/shutdown.rs:143] running shutdown hook: /builds/dev/core/core/app/op-app/src/app.rs:989
